1606722179: mosquitto version 1.6.12 starting
1606722179: Config loaded from /mosquitto/config/mosquitto.conf.
1606722179: Opening ipv4 listen socket on port 1883.
1606722179: Opening ipv6 listen socket on port 1883.
1606722179: mosquitto version 1.6.12 running
1606722246: New connection from 172.17.0.1 on port 1883.
1606722246: New client connected from 172.17.0.1 as mosq-YaQjCCDysF7anVncoS (p2, c1, k60).
1606722258: New connection from 172.17.0.1 on port 1883.
1606722258: New client connected from 172.17.0.1 as mosq-GnWUnWHRfzHIfOusAy (p2, c1, k60).
1606722258: Client mosq-GnWUnWHRfzHIfOusAy disconnected.
1606722268: Client mosq-YaQjCCDysF7anVncoS disconnected.
1606723979: Saving in-memory database to /mosquitto/datamosquitto.db.
1606725780: Saving in-memory database to /mosquitto/datamosquitto.db.
1606727581: Saving in-memory database to /mosquitto/datamosquitto.db.
1606729382: Saving in-memory database to /mosquitto/datamosquitto.db.
1606731183: Saving in-memory database to /mosquitto/datamosquitto.db.
1606732984: Saving in-memory database to /mosquitto/datamosquitto.db.
1606734785: Saving in-memory database to /mosquitto/datamosquitto.db.
1606736586: Saving in-memory database to /mosquitto/datamosquitto.db.
1606738387: Saving in-memory database to /mosquitto/datamosquitto.db.
1606740188: Saving in-memory database to /mosquitto/datamosquitto.db.
1606741989: Saving in-memory database to /mosquitto/datamosquitto.db.
1606743790: Saving in-memory database to /mosquitto/datamosquitto.db.
1606745591: Saving in-memory database to /mosquitto/datamosquitto.db.
1606747392: Saving in-memory database to /mosquitto/datamosquitto.db.
1606749193: Saving in-memory database to /mosquitto/datamosquitto.db.
1606750994: Saving in-memory database to /mosquitto/datamosquitto.db.
1606752795: Saving in-memory database to /mosquitto/datamosquitto.db.
1606754596: Saving in-memory database to /mosquitto/datamosquitto.db.
1606756397: Saving in-memory database to /mosquitto/datamosquitto.db.
1606758198: Saving in-memory database to /mosquitto/datamosquitto.db.
1606759999: Saving in-memory database to /mosquitto/datamosquitto.db.
1606761800: Saving in-memory database to /mosquitto/datamosquitto.db.
1606763601: Saving in-memory database to /mosquitto/datamosquitto.db.
1606765402: Saving in-memory database to /mosquitto/datamosquitto.db.
1606767203: Saving in-memory database to /mosquitto/datamosquitto.db.
1606769004: Saving in-memory database to /mosquitto/datamosquitto.db.
1606770805: Saving in-memory database to /mosquitto/datamosquitto.db.
1606772606: Saving in-memory database to /mosquitto/datamosquitto.db.
1606774407: Saving in-memory database to /mosquitto/datamosquitto.db.
1606776208: Saving in-memory database to /mosquitto/datamosquitto.db.
1606778009: Saving in-memory database to /mosquitto/datamosquitto.db.
1606779810: Saving in-memory database to /mosquitto/datamosquitto.db.
1606781611: Saving in-memory database to /mosquitto/datamosquitto.db.
1606783412: Saving in-memory database to /mosquitto/datamosquitto.db.
1606785213: Saving in-memory database to /mosquitto/datamosquitto.db.
1606787014: Saving in-memory database to /mosquitto/datamosquitto.db.
1606788815: Saving in-memory database to /mosquitto/datamosquitto.db.
1606790616: Saving in-memory database to /mosquitto/datamosquitto.db.
1606792417: Saving in-memory database to /mosquitto/datamosquitto.db.
1606794218: Saving in-memory database to /mosquitto/datamosquitto.db.
1606796019: Saving in-memory database to /mosquitto/datamosquitto.db.
1606797820: Saving in-memory database to /mosquitto/datamosquitto.db.
1606799621: Saving in-memory database to /mosquitto/datamosquitto.db.
1606801422: Saving in-memory database to /mosquitto/datamosquitto.db.
1606803223: Saving in-memory database to /mosquitto/datamosquitto.db.
1606805024: Saving in-memory database to /mosquitto/datamosquitto.db.
1606806825: Saving in-memory database to /mosquitto/datamosquitto.db.
1606808626: Saving in-memory database to /mosquitto/datamosquitto.db.
1606810427: Saving in-memory database to /mosquitto/datamosquitto.db.
1606812228: Saving in-memory database to /mosquitto/datamosquitto.db.
1606814029: Saving in-memory database to /mosquitto/datamosquitto.db.
1606815830: Saving in-memory database to /mosquitto/datamosquitto.db.
1606817631: Saving in-memory database to /mosquitto/datamosquitto.db.
1606819432: Saving in-memory database to /mosquitto/datamosquitto.db.
1606821233: Saving in-memory database to /mosquitto/datamosquitto.db.
1606823034: Saving in-memory database to /mosquitto/datamosquitto.db.
1606824835: Saving in-memory database to /mosquitto/datamosquitto.db.
1606826636: Saving in-memory database to /mosquitto/datamosquitto.db.
1606828437: Saving in-memory database to /mosquitto/datamosquitto.db.
1606830238: Saving in-memory database to /mosquitto/datamosquitto.db.
1606832039: Saving in-memory database to /mosquitto/datamosquitto.db.
1606833840: Saving in-memory database to /mosquitto/datamosquitto.db.
1606835641: Saving in-memory database to /mosquitto/datamosquitto.db.
1606837442: Saving in-memory database to /mosquitto/datamosquitto.db.
1606839243: Saving in-memory database to /mosquitto/datamosquitto.db.
1606841044: Saving in-memory database to /mosquitto/datamosquitto.db.
1606842845: Saving in-memory database to /mosquitto/datamosquitto.db.
1606844646: Saving in-memory database to /mosquitto/datamosquitto.db.
1606846447: Saving in-memory database to /mosquitto/datamosquitto.db.
1606848248: Saving in-memory database to /mosquitto/datamosquitto.db.
1606850049: Saving in-memory database to /mosquitto/datamosquitto.db.
1606851850: Saving in-memory database to /mosquitto/datamosquitto.db.
1606853651: Saving in-memory database to /mosquitto/datamosquitto.db.
1606855452: Saving in-memory database to /mosquitto/datamosquitto.db.
1606857253: Saving in-memory database to /mosquitto/datamosquitto.db.
1606859054: Saving in-memory database to /mosquitto/datamosquitto.db.
1606860855: Saving in-memory database to /mosquitto/datamosquitto.db.
1606862656: Saving in-memory database to /mosquitto/datamosquitto.db.
1606864457: Saving in-memory database to /mosquitto/datamosquitto.db.
1606866258: Saving in-memory database to /mosquitto/datamosquitto.db.
1606868059: Saving in-memory database to /mosquitto/datamosquitto.db.
1606869860: Saving in-memory database to /mosquitto/datamosquitto.db.
1606871661: Saving in-memory database to /mosquitto/datamosquitto.db.
1606873462: Saving in-memory database to /mosquitto/datamosquitto.db.
1606875263: Saving in-memory database to /mosquitto/datamosquitto.db.
1606877064: Saving in-memory database to /mosquitto/datamosquitto.db.
1606878865: Saving in-memory database to /mosquitto/datamosquitto.db.
1606880666: Saving in-memory database to /mosquitto/datamosquitto.db.
1606882467: Saving in-memory database to /mosquitto/datamosquitto.db.
1606884268: Saving in-memory database to /mosquitto/datamosquitto.db.
1606886069: Saving in-memory database to /mosquitto/datamosquitto.db.
1606887870: Saving in-memory database to /mosquitto/datamosquitto.db.
1606889671: Saving in-memory database to /mosquitto/datamosquitto.db.
1606891472: Saving in-memory database to /mosquitto/datamosquitto.db.
1606893273: Saving in-memory database to /mosquitto/datamosquitto.db.
1606895074: Saving in-memory database to /mosquitto/datamosquitto.db.
1606896875: Saving in-memory database to /mosquitto/datamosquitto.db.
1606898676: Saving in-memory database to /mosquitto/datamosquitto.db.
1606900477: Saving in-memory database to /mosquitto/datamosquitto.db.
1606902278: Saving in-memory database to /mosquitto/datamosquitto.db.
1606904079: Saving in-memory database to /mosquitto/datamosquitto.db.
1606905880: Saving in-memory database to /mosquitto/datamosquitto.db.
1606907681: Saving in-memory database to /mosquitto/datamosquitto.db.
1606909482: Saving in-memory database to /mosquitto/datamosquitto.db.
1606911283: Saving in-memory database to /mosquitto/datamosquitto.db.
1606913084: Saving in-memory database to /mosquitto/datamosquitto.db.
1606914885: Saving in-memory database to /mosquitto/datamosquitto.db.
1606916686: Saving in-memory database to /mosquitto/datamosquitto.db.
1606918487: Saving in-memory database to /mosquitto/datamosquitto.db.
1606920288: Saving in-memory database to /mosquitto/datamosquitto.db.
1606922089: Saving in-memory database to /mosquitto/datamosquitto.db.
1606923890: Saving in-memory database to /mosquitto/datamosquitto.db.
1606925691: Saving in-memory database to /mosquitto/datamosquitto.db.
1606927492: Saving in-memory database to /mosquitto/datamosquitto.db.
1606929293: Saving in-memory database to /mosquitto/datamosquitto.db.
1606931094: Saving in-memory database to /mosquitto/datamosquitto.db.
1606932895: Saving in-memory database to /mosquitto/datamosquitto.db.
1606934696: Saving in-memory database to /mosquitto/datamosquitto.db.
1606936497: Saving in-memory database to /mosquitto/datamosquitto.db.
1606938298: Saving in-memory database to /mosquitto/datamosquitto.db.
1606940099: Saving in-memory database to /mosquitto/datamosquitto.db.
1606941900: Saving in-memory database to /mosquitto/datamosquitto.db.
1606943701: Saving in-memory database to /mosquitto/datamosquitto.db.
1606945502: Saving in-memory database to /mosquitto/datamosquitto.db.
1606947303: Saving in-memory database to /mosquitto/datamosquitto.db.
1606949104: Saving in-memory database to /mosquitto/datamosquitto.db.
1606950905: Saving in-memory database to /mosquitto/datamosquitto.db.
1606952706: Saving in-memory database to /mosquitto/datamosquitto.db.
1606954507: Saving in-memory database to /mosquitto/datamosquitto.db.
1606956308: Saving in-memory database to /mosquitto/datamosquitto.db.
1606958109: Saving in-memory database to /mosquitto/datamosquitto.db.
1606959910: Saving in-memory database to /mosquitto/datamosquitto.db.
1606961711: Saving in-memory database to /mosquitto/datamosquitto.db.
1606963512: Saving in-memory database to /mosquitto/datamosquitto.db.
1606965313: Saving in-memory database to /mosquitto/datamosquitto.db.
1606967114: Saving in-memory database to /mosquitto/datamosquitto.db.
1606968915: Saving in-memory database to /mosquitto/datamosquitto.db.
1606970716: Saving in-memory database to /mosquitto/datamosquitto.db.
1606972517: Saving in-memory database to /mosquitto/datamosquitto.db.
1606974318: Saving in-memory database to /mosquitto/datamosquitto.db.
1606976119: Saving in-memory database to /mosquitto/datamosquitto.db.
1606977920: Saving in-memory database to /mosquitto/datamosquitto.db.
1606979721: Saving in-memory database to /mosquitto/datamosquitto.db.
1606981522: Saving in-memory database to /mosquitto/datamosquitto.db.
1606983323: Saving in-memory database to /mosquitto/datamosquitto.db.
1606985124: Saving in-memory database to /mosquitto/datamosquitto.db.
1606986925: Saving in-memory database to /mosquitto/datamosquitto.db.
1606988726: Saving in-memory database to /mosquitto/datamosquitto.db.
1606990527: Saving in-memory database to /mosquitto/datamosquitto.db.
1606992328: Saving in-memory database to /mosquitto/datamosquitto.db.
1606994129: Saving in-memory database to /mosquitto/datamosquitto.db.
1606995930: Saving in-memory database to /mosquitto/datamosquitto.db.
1606997731: Saving in-memory database to /mosquitto/datamosquitto.db.
1606999532: Saving in-memory database to /mosquitto/datamosquitto.db.
1607001333: Saving in-memory database to /mosquitto/datamosquitto.db.
1607003134: Saving in-memory database to /mosquitto/datamosquitto.db.
1607004935: Saving in-memory database to /mosquitto/datamosquitto.db.
1607006736: Saving in-memory database to /mosquitto/datamosquitto.db.
1607008537: Saving in-memory database to /mosquitto/datamosquitto.db.
1607010338: Saving in-memory database to /mosquitto/datamosquitto.db.
1607012139: Saving in-memory database to /mosquitto/datamosquitto.db.
1607013940: Saving in-memory database to /mosquitto/datamosquitto.db.
1607015741: Saving in-memory database to /mosquitto/datamosquitto.db.
1607017542: Saving in-memory database to /mosquitto/datamosquitto.db.
1607019343: Saving in-memory database to /mosquitto/datamosquitto.db.
1607021144: Saving in-memory database to /mosquitto/datamosquitto.db.
1607022945: Saving in-memory database to /mosquitto/datamosquitto.db.
1607024746: Saving in-memory database to /mosquitto/datamosquitto.db.
1607026547: Saving in-memory database to /mosquitto/datamosquitto.db.
1607028348: Saving in-memory database to /mosquitto/datamosquitto.db.
1607030149: Saving in-memory database to /mosquitto/datamosquitto.db.
1607031950: Saving in-memory database to /mosquitto/datamosquitto.db.
1607033751: Saving in-memory database to /mosquitto/datamosquitto.db.
1607035552: Saving in-memory database to /mosquitto/datamosquitto.db.
1607037353: Saving in-memory database to /mosquitto/datamosquitto.db.
1607039154: Saving in-memory database to /mosquitto/datamosquitto.db.
1607040955: Saving in-memory database to /mosquitto/datamosquitto.db.
1607042756: Saving in-memory database to /mosquitto/datamosquitto.db.
1607044557: Saving in-memory database to /mosquitto/datamosquitto.db.
1607046358: Saving in-memory database to /mosquitto/datamosquitto.db.
1607048159: Saving in-memory database to /mosquitto/datamosquitto.db.
